0 verbose cli C:\Program Files\nodejs\node.exe C:\Users\upumk\AppData\Roaming\npm\node_modules\npm\bin\npm-cli.js
1 info using npm@11.8.0
2 info using node@v22.17.0
3 silly config load:file:C:\Users\upumk\AppData\Roaming\npm\node_modules\npm\npmrc
4 silly config load:file:C:\Documents\Github\Mediora\.npmrc
5 silly config load:file:C:\Users\upumk\.npmrc
6 silly config load:file:C:\Users\upumk\AppData\Roaming\npm\etc\npmrc
7 verbose title npm exec create-next-app@latest mediora-app --js --tailwind --eslint --app --no-src-dir --import-alias @/* --use-npm --yes
8 verbose argv "exec" "--" "create-next-app@latest" "mediora-app" "--js" "--tailwind" "--eslint" "--app" "--no-src-dir" "--import-alias" "@/*" "--use-npm" "--yes"
9 verbose logfile logs-max:10 dir:C:\Documents\Github\Mediora\.npm-cache\_logs\2026-06-25T19_43_39_167Z-
10 verbose logfile C:\Documents\Github\Mediora\.npm-cache\_logs\2026-06-25T19_43_39_167Z-debug-0.log
11 silly logfile done cleaning log files
12 silly packumentCache heap:4345298944 maxSize:1086324736 maxEntrySize:543162368
13 http fetch GET 200 https://registry.npmjs.org/create-next-app 600ms (cache revalidated)
14 silly packumentCache heap:4345298944 maxSize:1086324736 maxEntrySize:543162368
15 silly packumentCache heap:4345298944 maxSize:1086324736 maxEntrySize:543162368
16 verbose cwd C:\Documents\Github\Mediora
17 verbose os Windows_NT 10.0.26200
18 verbose node v22.17.0
19 verbose npm  v11.8.0
20 verbose exit 0
21 info ok
