0 verbose cli C:\Program Files\nodejs\node.exe C:\Users\upumk\AppData\Roaming\npm\node_modules\npm\bin\npm-cli.js
1 info using npm@11.8.0
2 info using node@v22.17.0
3 silly config load:file:C:\Users\upumk\AppData\Roaming\npm\node_modules\npm\npmrc
4 silly config load:file:C:\Documents\Github\Mediora\.npmrc
5 silly config load:file:C:\Users\upumk\.npmrc
6 silly config load:file:C:\Users\upumk\AppData\Roaming\npm\etc\npmrc
7 verbose title npm exec create-next-app@latest . --js --tailwind --eslint --app --no-src-dir --import-alias @/* --use-npm --yes
8 verbose argv "exec" "--" "create-next-app@latest" "." "--js" "--tailwind" "--eslint" "--app" "--no-src-dir" "--import-alias" "@/*" "--use-npm" "--yes"
9 verbose logfile logs-max:10 dir:C:\Documents\Github\Mediora\.npm-cache\_logs\2026-06-25T19_43_16_003Z-
10 verbose logfile C:\Documents\Github\Mediora\.npm-cache\_logs\2026-06-25T19_43_16_003Z-debug-0.log
11 silly logfile done cleaning log files
12 silly packumentCache heap:4345298944 maxSize:1086324736 maxEntrySize:543162368
13 http fetch GET 200 https://registry.npmjs.org/npm 772ms
14 http fetch GET 200 https://registry.npmjs.org/create-next-app 829ms (cache miss)
15 silly packumentCache heap:4345298944 maxSize:1086324736 maxEntrySize:543162368
16 silly packumentCache heap:4345298944 maxSize:1086324736 maxEntrySize:543162368
17 warn exec The following package was not found and will be installed: create-next-app@16.2.9
18 silly idealTree buildDeps
19 silly fetch manifest create-next-app@16.2.9
20 silly packumentCache full:https://registry.npmjs.org/create-next-app cache-miss
21 http fetch GET 200 https://registry.npmjs.org/create-next-app 709ms (cache miss)
22 silly packumentCache full:https://registry.npmjs.org/create-next-app set size:undefined disposed:false
23 silly placeDep ROOT create-next-app@16.2.9 OK for:  want: 16.2.9
24 silly reify moves {}
25 silly audit bulk request { 'create-next-app': [ '16.2.9' ] }
26 http cache create-next-app@https://registry.npmjs.org/create-next-app/-/create-next-app-16.2.9.tgz 0ms (cache hit)
27 silly tarball no local data for create-next-app@https://registry.npmjs.org/create-next-app/-/create-next-app-16.2.9.tgz. Extracting by manifest.
28 http fetch POST 200 https://registry.npmjs.org/-/npm/v1/security/advisories/bulk 284ms
29 silly audit report {}
30 http fetch GET 200 https://registry.npmjs.org/create-next-app/-/create-next-app-16.2.9.tgz 2182ms (cache miss)
31 verbose cwd C:\Documents\Github\Mediora
32 verbose os Windows_NT 10.0.26200
33 verbose node v22.17.0
34 verbose npm  v11.8.0
35 notice
35 notice New minor version of npm available! 11.8.0 -> 11.17.0
35 notice Changelog: https://github.com/npm/cli/releases/tag/v11.17.0
35 notice To update run: npm install -g npm@11.17.0
35 notice  { force: true, [Symbol(proc-log.meta)]: true }
36 verbose exit 1
37 verbose code 1
